  Cpa.cpp
c:\users\kw898\source\repos\mousechange\cpa.cpp(65): warning C4244: '인수': 'int'에서 '_Tp'(으)로 변환하면서 데이터가 손실될 수 있습니다.
          with
          [
              _Tp=float
          ]
c:\users\kw898\source\repos\mousechange\cpa.cpp(66): warning C4244: '인수': 'int'에서 '_Tp'(으)로 변환하면서 데이터가 손실될 수 있습니다.
          with
          [
              _Tp=float
          ]
c:\users\kw898\source\repos\mousechange\cpa.cpp(67): warning C4244: '인수': 'int'에서 '_Tp'(으)로 변환하면서 데이터가 손실될 수 있습니다.
          with
          [
              _Tp=float
          ]
c:\users\kw898\source\repos\mousechange\cpa.cpp(68): warning C4244: '인수': 'int'에서 '_Tp'(으)로 변환하면서 데이터가 손실될 수 있습니다.
          with
          [
              _Tp=float
          ]
c:\users\kw898\source\repos\mousechange\cpa.cpp(72): warning C4244: '인수': 'int'에서 '_Tp'(으)로 변환하면서 데이터가 손실될 수 있습니다.
          with
          [
              _Tp=float
          ]
c:\users\kw898\source\repos\mousechange\cpa.cpp(73): warning C4244: '인수': 'int'에서 '_Tp'(으)로 변환하면서 데이터가 손실될 수 있습니다.
          with
          [
              _Tp=float
          ]
c:\users\kw898\source\repos\mousechange\cpa.cpp(74): warning C4244: '인수': 'int'에서 '_Tp'(으)로 변환하면서 데이터가 손실될 수 있습니다.
          with
          [
              _Tp=float
          ]
  코드를 생성하고 있습니다.
  1 of 280 functions ( 0.4%) were compiled, the rest were copied from previous compilation.
    0 functions were new in current compilation
    4 functions had inline decision re-evaluated but remain unchanged
  코드를 생성했습니다.
  MouseChange.vcxproj -> C:\Users\kw898\source\repos\x64\Release\MouseChange.exe
