  Cpa.cpp
c:\users\kw898\source\repos\mousechange\cpa.cpp(127): warning C4244: '인수': 'int'에서 '_Tp'(으)로 변환하면서 데이터가 손실될 수 있습니다.
          with
          [
              _Tp=float
          ]
c:\users\kw898\source\repos\mousechange\cpa.cpp(134): warning C4244: '인수': 'int'에서 '_Tp'(으)로 변환하면서 데이터가 손실될 수 있습니다.
          with
          [
              _Tp=float
          ]
c:\users\kw898\source\repos\mousechange\cpa.cpp(135): warning C4244: '인수': 'int'에서 '_Tp'(으)로 변환하면서 데이터가 손실될 수 있습니다.
          with
          [
              _Tp=float
          ]
c:\users\kw898\source\repos\mousechange\cpa.cpp(136): warning C4244: '인수': 'int'에서 '_Tp'(으)로 변환하면서 데이터가 손실될 수 있습니다.
          with
          [
              _Tp=float
          ]
  MouseChange.vcxproj -> C:\Users\kw898\source\repos\x64\Debug\MouseChange.exe
